<?xml version="1.0" encoding="UTF-8"?>
<!-- Generated by org.testng.reporters.JUnitReportReporter -->
<testsuite skipped="0" hostname="Admin-pc" name="org.com.mano2" tests="3" failures="0" timestamp="29 May 2021 12:55:17 GMT" time="0.003" errors="0">
  <testcase name="test13" time="0.001" classname="org.com.mano2"/>
  <testcase name="test11" time="0.001" classname="org.com.mano2"/>
  <testcase name="test12" time="0.001" classname="org.com.mano2"/>
</testsuite> <!-- org.com.mano2 -->
