<?xml version="1.0" encoding="UTF-8"?>
<!-- Generated by org.testng.reporters.JUnitReportReporter -->
<testsuite skipped="0" hostname="Admin-pc" name="org.emp.Gowtham12" tests="3" failures="0" timestamp="29 May 2021 12:55:17 GMT" time="0.000" errors="0">
  <testcase name="test33" time="0.000" classname="org.emp.Gowtham12"/>
  <testcase name="test32" time="0.000" classname="org.emp.Gowtham12"/>
  <testcase name="test31" time="0.000" classname="org.emp.Gowtham12"/>
</testsuite> <!-- org.emp.Gowtham12 -->
