<?xml version="1.0" encoding="UTF-8"?>
<!-- Generated by org.testng.reporters.JUnitReportReporter -->
<testsuite skipped="0" hostname="Admin-pc" name="org.emp.Gowtham1" tests="3" failures="0" timestamp="29 May 2021 12:55:17 GMT" time="0.002" errors="0">
  <testcase name="test21" time="0.000" classname="org.emp.Gowtham1"/>
  <testcase name="test23" time="0.001" classname="org.emp.Gowtham1"/>
  <testcase name="test22" time="0.001" classname="org.emp.Gowtham1"/>
</testsuite> <!-- org.emp.Gowtham1 -->
